<?xml version="1.0" encoding="UTF-8"?>
<testsuite xmlns:xsi="http://www.w3.org/2001/XMLSchema-instance" xsi:noNamespaceSchemaLocation="https://maven.apache.org/surefire/maven-surefire-plugin/xsd/surefire-test-report.xsd" name="com.jiade.utils.RedisOperatorTest" time="0.043" tests="1" errors="1" skipped="0" failures="0">
  <properties>
    <property name="sun.desktop" value="windows"/>
    <property name="awt.toolkit" value="sun.awt.windows.WToolkit"/>
    <property name="file.encoding.pkg" value="sun.io"/>
    <property name="java.specification.version" value="1.8"/>
    <property name="sun.cpu.isalist" value="amd64"/>
    <property name="sun.jnu.encoding" value="GBK"/>
    <property name="java.class.path" value="E:\repository\tiktok\tiktok-common\target\test-classes;E:\repository\tiktok\tiktok-common\target\classes;E:\apache-maven-3.8.6\repository\org\springframework\boot\spring-boot-starter\2.5.4\spring-boot-starter-2.5.4.jar;E:\apache-maven-3.8.6\repository\org\springframework\boot\spring-boot\2.5.4\spring-boot-2.5.4.jar;E:\apache-maven-3.8.6\repository\org\springframework\spring-context\5.3.9\spring-context-5.3.9.jar;E:\apache-maven-3.8.6\repository\org\springframework\boot\spring-boot-autoconfigure\2.5.4\spring-boot-autoconfigure-2.5.4.jar;E:\apache-maven-3.8.6\repository\org\springframework\boot\spring-boot-starter-logging\2.5.4\spring-boot-starter-logging-2.5.4.jar;E:\apache-maven-3.8.6\repository\ch\qos\logback\logback-classic\1.2.5\logback-classic-1.2.5.jar;E:\apache-maven-3.8.6\repository\ch\qos\logback\logback-core\1.2.5\logback-core-1.2.5.jar;E:\apache-maven-3.8.6\repository\org\apache\logging\log4j\log4j-to-slf4j\2.14.1\log4j-to-slf4j-2.14.1.jar;E:\apache-maven-3.8.6\repository\org\apache\logging\log4j\log4j-api\2.14.1\log4j-api-2.14.1.jar;E:\apache-maven-3.8.6\repository\org\slf4j\jul-to-slf4j\1.7.21\jul-to-slf4j-1.7.21.jar;E:\apache-maven-3.8.6\repository\jakarta\annotation\jakarta.annotation-api\1.3.5\jakarta.annotation-api-1.3.5.jar;E:\apache-maven-3.8.6\repository\org\springframework\spring-core\5.3.9\spring-core-5.3.9.jar;E:\apache-maven-3.8.6\repository\org\springframework\spring-jcl\5.3.9\spring-jcl-5.3.9.jar;E:\apache-maven-3.8.6\repository\org\yaml\snakeyaml\1.28\snakeyaml-1.28.jar;E:\apache-maven-3.8.6\repository\org\springframework\boot\spring-boot-starter-web\2.5.4\spring-boot-starter-web-2.5.4.jar;E:\apache-maven-3.8.6\repository\org\springframework\boot\spring-boot-starter-json\2.5.4\spring-boot-starter-json-2.5.4.jar;E:\apache-maven-3.8.6\repository\com\fasterxml\jackson\datatype\jackson-datatype-jdk8\2.12.4\jackson-datatype-jdk8-2.12.4.jar;E:\apache-maven-3.8.6\repository\com\fasterxml\jackson\datatype\jackson-datatype-jsr310\2.12.4\jackson-datatype-jsr310-2.12.4.jar;E:\apache-maven-3.8.6\repository\com\fasterxml\jackson\module\jackson-module-parameter-names\2.12.4\jackson-module-parameter-names-2.12.4.jar;E:\apache-maven-3.8.6\repository\org\springframework\boot\spring-boot-starter-tomcat\2.5.4\spring-boot-starter-tomcat-2.5.4.jar;E:\apache-maven-3.8.6\repository\org\apache\tomcat\embed\tomcat-embed-core\9.0.52\tomcat-embed-core-9.0.52.jar;E:\apache-maven-3.8.6\repository\org\apache\tomcat\embed\tomcat-embed-el\9.0.52\tomcat-embed-el-9.0.52.jar;E:\apache-maven-3.8.6\repository\org\apache\tomcat\embed\tomcat-embed-websocket\9.0.52\tomcat-embed-websocket-9.0.52.jar;E:\apache-maven-3.8.6\repository\org\springframework\spring-web\5.3.9\spring-web-5.3.9.jar;E:\apache-maven-3.8.6\repository\org\springframework\spring-beans\5.3.9\spring-beans-5.3.9.jar;E:\apache-maven-3.8.6\repository\org\springframework\spring-webmvc\5.3.9\spring-webmvc-5.3.9.jar;E:\apache-maven-3.8.6\repository\org\springframework\spring-expression\5.3.9\spring-expression-5.3.9.jar;E:\apache-maven-3.8.6\repository\org\springframework\boot\spring-boot-configuration-processor\2.5.4\spring-boot-configuration-processor-2.5.4.jar;E:\apache-maven-3.8.6\repository\org\springframework\boot\spring-boot-starter-aop\2.5.4\spring-boot-starter-aop-2.5.4.jar;E:\apache-maven-3.8.6\repository\org\springframework\spring-aop\5.3.9\spring-aop-5.3.9.jar;E:\apache-maven-3.8.6\repository\org\aspectj\aspectjweaver\1.9.7\aspectjweaver-1.9.7.jar;E:\apache-maven-3.8.6\repository\org\springframework\boot\spring-boot-starter-data-redis\2.5.4\spring-boot-starter-data-redis-2.5.4.jar;E:\apache-maven-3.8.6\repository\org\springframework\data\spring-data-redis\2.5.4\spring-data-redis-2.5.4.jar;E:\apache-maven-3.8.6\repository\org\springframework\data\spring-data-keyvalue\2.5.4\spring-data-keyvalue-2.5.4.jar;E:\apache-maven-3.8.6\repository\org\springframework\data\spring-data-commons\2.5.4\spring-data-commons-2.5.4.jar;E:\apache-maven-3.8.6\repository\org\springframework\spring-tx\5.3.9\spring-tx-5.3.9.jar;E:\apache-maven-3.8.6\repository\org\springframework\spring-oxm\5.3.9\spring-oxm-5.3.9.jar;E:\apache-maven-3.8.6\repository\org\springframework\spring-context-support\5.3.9\spring-context-support-5.3.9.jar;E:\apache-maven-3.8.6\repository\io\lettuce\lettuce-core\6.1.4.RELEASE\lettuce-core-6.1.4.RELEASE.jar;E:\apache-maven-3.8.6\repository\io\netty\netty-common\4.1.67.Final\netty-common-4.1.67.Final.jar;E:\apache-maven-3.8.6\repository\io\netty\netty-handler\4.1.67.Final\netty-handler-4.1.67.Final.jar;E:\apache-maven-3.8.6\repository\io\netty\netty-resolver\4.1.67.Final\netty-resolver-4.1.67.Final.jar;E:\apache-maven-3.8.6\repository\io\netty\netty-buffer\4.1.67.Final\netty-buffer-4.1.67.Final.jar;E:\apache-maven-3.8.6\repository\io\netty\netty-codec\4.1.67.Final\netty-codec-4.1.67.Final.jar;E:\apache-maven-3.8.6\repository\io\netty\netty-transport\4.1.67.Final\netty-transport-4.1.67.Final.jar;E:\apache-maven-3.8.6\repository\io\projectreactor\reactor-core\3.4.9\reactor-core-3.4.9.jar;E:\apache-maven-3.8.6\repository\org\reactivestreams\reactive-streams\1.0.3\reactive-streams-1.0.3.jar;E:\apache-maven-3.8.6\repository\org\springframework\boot\spring-boot-starter-amqp\2.5.4\spring-boot-starter-amqp-2.5.4.jar;E:\apache-maven-3.8.6\repository\org\springframework\spring-messaging\5.3.9\spring-messaging-5.3.9.jar;E:\apache-maven-3.8.6\repository\org\springframework\amqp\spring-rabbit\2.3.10\spring-rabbit-2.3.10.jar;E:\apache-maven-3.8.6\repository\org\springframework\amqp\spring-amqp\2.3.10\spring-amqp-2.3.10.jar;E:\apache-maven-3.8.6\repository\org\springframework\retry\spring-retry\1.3.1\spring-retry-1.3.1.jar;E:\apache-maven-3.8.6\repository\com\rabbitmq\amqp-client\5.12.0\amqp-client-5.12.0.jar;E:\apache-maven-3.8.6\repository\org\projectlombok\lombok\1.18.22\lombok-1.18.22.jar;E:\apache-maven-3.8.6\repository\org\springframework\boot\spring-boot-test\2.5.4\spring-boot-test-2.5.4.jar;E:\apache-maven-3.8.6\repository\com\fasterxml\jackson\core\jackson-core\2.10.2\jackson-core-2.10.2.jar;E:\apache-maven-3.8.6\repository\com\fasterxml\jackson\core\jackson-annotations\2.10.2\jackson-annotations-2.10.2.jar;E:\apache-maven-3.8.6\repository\com\fasterxml\jackson\core\jackson-databind\2.10.2\jackson-databind-2.10.2.jar;E:\apache-maven-3.8.6\repository\commons-codec\commons-codec\1.11\commons-codec-1.11.jar;E:\apache-maven-3.8.6\repository\org\apache\commons\commons-lang3\3.4\commons-lang3-3.4.jar;E:\apache-maven-3.8.6\repository\commons-fileupload\commons-fileupload\1.4\commons-fileupload-1.4.jar;E:\apache-maven-3.8.6\repository\commons-io\commons-io\2.2\commons-io-2.2.jar;E:\apache-maven-3.8.6\repository\com\google\guava\guava\28.2-jre\guava-28.2-jre.jar;E:\apache-maven-3.8.6\repository\com\google\guava\failureaccess\1.0.1\failureaccess-1.0.1.jar;E:\apache-maven-3.8.6\repository\com\google\guava\listenablefuture\9999.0-empty-to-avoid-conflict-with-guava\listenablefuture-9999.0-empty-to-avoid-conflict-with-guava.jar;E:\apache-maven-3.8.6\repository\com\google\code\findbugs\jsr305\3.0.2\jsr305-3.0.2.jar;E:\apache-maven-3.8.6\repository\org\checkerframework\checker-qual\2.10.0\checker-qual-2.10.0.jar;E:\apache-maven-3.8.6\repository\com\google\errorprone\error_prone_annotations\2.3.4\error_prone_annotations-2.3.4.jar;E:\apache-maven-3.8.6\repository\com\google\j2objc\j2objc-annotations\1.3\j2objc-annotations-1.3.jar;E:\apache-maven-3.8.6\repository\joda-time\joda-time\2.10.5\joda-time-2.10.5.jar;E:\apache-maven-3.8.6\repository\io\minio\minio\8.2.1\minio-8.2.1.jar;E:\apache-maven-3.8.6\repository\com\carrotsearch\thirdparty\simple-xml-safe\2.7.1\simple-xml-safe-2.7.1.jar;E:\apache-maven-3.8.6\repository\com\squareup\okhttp3\okhttp\3.14.9\okhttp-3.14.9.jar;E:\apache-maven-3.8.6\repository\com\squareup\okio\okio\1.17.2\okio-1.17.2.jar;E:\apache-maven-3.8.6\repository\com\aliyun\aliyun-java-sdk-core\4.6.0\aliyun-java-sdk-core-4.6.0.jar;E:\apache-maven-3.8.6\repository\com\google\code\gson\gson\2.8.7\gson-2.8.7.jar;E:\apache-maven-3.8.6\repository\org\apache\httpcomponents\httpclient\4.5.13\httpclient-4.5.13.jar;E:\apache-maven-3.8.6\repository\org\apache\httpcomponents\httpcore\4.4.14\httpcore-4.4.14.jar;E:\apache-maven-3.8.6\repository\commons-logging\commons-logging\1.2\commons-logging-1.2.jar;E:\apache-maven-3.8.6\repository\javax\xml\bind\jaxb-api\2.3.1\jaxb-api-2.3.1.jar;E:\apache-maven-3.8.6\repository\javax\activation\javax.activation-api\1.2.0\javax.activation-api-1.2.0.jar;E:\apache-maven-3.8.6\repository\org\glassfish\jaxb\jaxb-runtime\2.3.5\jaxb-runtime-2.3.5.jar;E:\apache-maven-3.8.6\repository\jakarta\xml\bind\jakarta.xml.bind-api\2.3.3\jakarta.xml.bind-api-2.3.3.jar;E:\apache-maven-3.8.6\repository\org\glassfish\jaxb\txw2\2.3.5\txw2-2.3.5.jar;E:\apache-maven-3.8.6\repository\com\sun\istack\istack-commons-runtime\3.0.12\istack-commons-runtime-3.0.12.jar;E:\apache-maven-3.8.6\repository\com\sun\activation\jakarta.activation\1.2.2\jakarta.activation-1.2.2.jar;E:\apache-maven-3.8.6\repository\org\bouncycastle\bcprov-jdk15on\1.70\bcprov-jdk15on-1.70.jar;E:\apache-maven-3.8.6\repository\org\jacoco\org.jacoco.agent\0.8.7\org.jacoco.agent-0.8.7-runtime.jar;E:\apache-maven-3.8.6\repository\org\ini4j\ini4j\0.5.4\ini4j-0.5.4.jar;E:\apache-maven-3.8.6\repository\org\slf4j\slf4j-api\1.7.21\slf4j-api-1.7.21.jar;E:\apache-maven-3.8.6\repository\io\opentracing\opentracing-api\0.33.0\opentracing-api-0.33.0.jar;E:\apache-maven-3.8.6\repository\io\opentracing\opentracing-util\0.33.0\opentracing-util-0.33.0.jar;E:\apache-maven-3.8.6\repository\io\opentracing\opentracing-noop\0.33.0\opentracing-noop-0.33.0.jar;E:\apache-maven-3.8.6\repository\com\aliyun\aliyun-java-sdk-dysmsapi\2.2.1\aliyun-java-sdk-dysmsapi-2.2.1.jar;E:\apache-maven-3.8.6\repository\org\apache\httpcomponents\client5\httpclient5\5.1.3\httpclient5-5.1.3.jar;E:\apache-maven-3.8.6\repository\org\apache\httpcomponents\core5\httpcore5\5.1.1\httpcore5-5.1.1.jar;E:\apache-maven-3.8.6\repository\org\apache\httpcomponents\core5\httpcore5-h2\5.1.1\httpcore5-h2-5.1.1.jar;E:\apache-maven-3.8.6\repository\org\apache\httpcomponents\client5\httpclient5-fluent\5.1.3\httpclient5-fluent-5.1.3.jar;E:\apache-maven-3.8.6\repository\junit\junit\4.13.2\junit-4.13.2.jar;E:\apache-maven-3.8.6\repository\org\hamcrest\hamcrest-core\2.2\hamcrest-core-2.2.jar;E:\apache-maven-3.8.6\repository\org\hamcrest\hamcrest\2.2\hamcrest-2.2.jar;"/>
    <property name="java.vm.vendor" value="Amazon.com Inc."/>
    <property name="sun.arch.data.model" value="64"/>
    <property name="user.variant" value=""/>
    <property name="java.vendor.url" value="https://aws.amazon.com/corretto/"/>
    <property name="user.timezone" value="GMT+08:00"/>
    <property name="java.vm.specification.version" value="1.8"/>
    <property name="os.name" value="Windows 11"/>
    <property name="user.country" value="CN"/>
    <property name="sun.java.launcher" value="SUN_STANDARD"/>
    <property name="sun.boot.library.path" value="C:\Users\Administrator\.jdks\corretto-1.8.0_352\jre\bin"/>
    <property name="sun.java.command" value="C:\Users\ADMINI~1\AppData\Local\Temp\surefire6783241189265076675\surefirebooter6940609820812925640.jar C:\Users\Administrator\AppData\Local\Temp\surefire6783241189265076675 2023-05-10T19-22-38_375-jvmRun1 surefire4992216249553007213tmp surefire_07159883134779249400tmp"/>
    <property name="surefire.test.class.path" value="E:\repository\tiktok\tiktok-common\target\test-classes;E:\repository\tiktok\tiktok-common\target\classes;E:\apache-maven-3.8.6\repository\org\springframework\boot\spring-boot-starter\2.5.4\spring-boot-starter-2.5.4.jar;E:\apache-maven-3.8.6\repository\org\springframework\boot\spring-boot\2.5.4\spring-boot-2.5.4.jar;E:\apache-maven-3.8.6\repository\org\springframework\spring-context\5.3.9\spring-context-5.3.9.jar;E:\apache-maven-3.8.6\repository\org\springframework\boot\spring-boot-autoconfigure\2.5.4\spring-boot-autoconfigure-2.5.4.jar;E:\apache-maven-3.8.6\repository\org\springframework\boot\spring-boot-starter-logging\2.5.4\spring-boot-starter-logging-2.5.4.jar;E:\apache-maven-3.8.6\repository\ch\qos\logback\logback-classic\1.2.5\logback-classic-1.2.5.jar;E:\apache-maven-3.8.6\repository\ch\qos\logback\logback-core\1.2.5\logback-core-1.2.5.jar;E:\apache-maven-3.8.6\repository\org\apache\logging\log4j\log4j-to-slf4j\2.14.1\log4j-to-slf4j-2.14.1.jar;E:\apache-maven-3.8.6\repository\org\apache\logging\log4j\log4j-api\2.14.1\log4j-api-2.14.1.jar;E:\apache-maven-3.8.6\repository\org\slf4j\jul-to-slf4j\1.7.21\jul-to-slf4j-1.7.21.jar;E:\apache-maven-3.8.6\repository\jakarta\annotation\jakarta.annotation-api\1.3.5\jakarta.annotation-api-1.3.5.jar;E:\apache-maven-3.8.6\repository\org\springframework\spring-core\5.3.9\spring-core-5.3.9.jar;E:\apache-maven-3.8.6\repository\org\springframework\spring-jcl\5.3.9\spring-jcl-5.3.9.jar;E:\apache-maven-3.8.6\repository\org\yaml\snakeyaml\1.28\snakeyaml-1.28.jar;E:\apache-maven-3.8.6\repository\org\springframework\boot\spring-boot-starter-web\2.5.4\spring-boot-starter-web-2.5.4.jar;E:\apache-maven-3.8.6\repository\org\springframework\boot\spring-boot-starter-json\2.5.4\spring-boot-starter-json-2.5.4.jar;E:\apache-maven-3.8.6\repository\com\fasterxml\jackson\datatype\jackson-datatype-jdk8\2.12.4\jackson-datatype-jdk8-2.12.4.jar;E:\apache-maven-3.8.6\repository\com\fasterxml\jackson\datatype\jackson-datatype-jsr310\2.12.4\jackson-datatype-jsr310-2.12.4.jar;E:\apache-maven-3.8.6\repository\com\fasterxml\jackson\module\jackson-module-parameter-names\2.12.4\jackson-module-parameter-names-2.12.4.jar;E:\apache-maven-3.8.6\repository\org\springframework\boot\spring-boot-starter-tomcat\2.5.4\spring-boot-starter-tomcat-2.5.4.jar;E:\apache-maven-3.8.6\repository\org\apache\tomcat\embed\tomcat-embed-core\9.0.52\tomcat-embed-core-9.0.52.jar;E:\apache-maven-3.8.6\repository\org\apache\tomcat\embed\tomcat-embed-el\9.0.52\tomcat-embed-el-9.0.52.jar;E:\apache-maven-3.8.6\repository\org\apache\tomcat\embed\tomcat-embed-websocket\9.0.52\tomcat-embed-websocket-9.0.52.jar;E:\apache-maven-3.8.6\repository\org\springframework\spring-web\5.3.9\spring-web-5.3.9.jar;E:\apache-maven-3.8.6\repository\org\springframework\spring-beans\5.3.9\spring-beans-5.3.9.jar;E:\apache-maven-3.8.6\repository\org\springframework\spring-webmvc\5.3.9\spring-webmvc-5.3.9.jar;E:\apache-maven-3.8.6\repository\org\springframework\spring-expression\5.3.9\spring-expression-5.3.9.jar;E:\apache-maven-3.8.6\repository\org\springframework\boot\spring-boot-configuration-processor\2.5.4\spring-boot-configuration-processor-2.5.4.jar;E:\apache-maven-3.8.6\repository\org\springframework\boot\spring-boot-starter-aop\2.5.4\spring-boot-starter-aop-2.5.4.jar;E:\apache-maven-3.8.6\repository\org\springframework\spring-aop\5.3.9\spring-aop-5.3.9.jar;E:\apache-maven-3.8.6\repository\org\aspectj\aspectjweaver\1.9.7\aspectjweaver-1.9.7.jar;E:\apache-maven-3.8.6\repository\org\springframework\boot\spring-boot-starter-data-redis\2.5.4\spring-boot-starter-data-redis-2.5.4.jar;E:\apache-maven-3.8.6\repository\org\springframework\data\spring-data-redis\2.5.4\spring-data-redis-2.5.4.jar;E:\apache-maven-3.8.6\repository\org\springframework\data\spring-data-keyvalue\2.5.4\spring-data-keyvalue-2.5.4.jar;E:\apache-maven-3.8.6\repository\org\springframework\data\spring-data-commons\2.5.4\spring-data-commons-2.5.4.jar;E:\apache-maven-3.8.6\repository\org\springframework\spring-tx\5.3.9\spring-tx-5.3.9.jar;E:\apache-maven-3.8.6\repository\org\springframework\spring-oxm\5.3.9\spring-oxm-5.3.9.jar;E:\apache-maven-3.8.6\repository\org\springframework\spring-context-support\5.3.9\spring-context-support-5.3.9.jar;E:\apache-maven-3.8.6\repository\io\lettuce\lettuce-core\6.1.4.RELEASE\lettuce-core-6.1.4.RELEASE.jar;E:\apache-maven-3.8.6\repository\io\netty\netty-common\4.1.67.Final\netty-common-4.1.67.Final.jar;E:\apache-maven-3.8.6\repository\io\netty\netty-handler\4.1.67.Final\netty-handler-4.1.67.Final.jar;E:\apache-maven-3.8.6\repository\io\netty\netty-resolver\4.1.67.Final\netty-resolver-4.1.67.Final.jar;E:\apache-maven-3.8.6\repository\io\netty\netty-buffer\4.1.67.Final\netty-buffer-4.1.67.Final.jar;E:\apache-maven-3.8.6\repository\io\netty\netty-codec\4.1.67.Final\netty-codec-4.1.67.Final.jar;E:\apache-maven-3.8.6\repository\io\netty\netty-transport\4.1.67.Final\netty-transport-4.1.67.Final.jar;E:\apache-maven-3.8.6\repository\io\projectreactor\reactor-core\3.4.9\reactor-core-3.4.9.jar;E:\apache-maven-3.8.6\repository\org\reactivestreams\reactive-streams\1.0.3\reactive-streams-1.0.3.jar;E:\apache-maven-3.8.6\repository\org\springframework\boot\spring-boot-starter-amqp\2.5.4\spring-boot-starter-amqp-2.5.4.jar;E:\apache-maven-3.8.6\repository\org\springframework\spring-messaging\5.3.9\spring-messaging-5.3.9.jar;E:\apache-maven-3.8.6\repository\org\springframework\amqp\spring-rabbit\2.3.10\spring-rabbit-2.3.10.jar;E:\apache-maven-3.8.6\repository\org\springframework\amqp\spring-amqp\2.3.10\spring-amqp-2.3.10.jar;E:\apache-maven-3.8.6\repository\org\springframework\retry\spring-retry\1.3.1\spring-retry-1.3.1.jar;E:\apache-maven-3.8.6\repository\com\rabbitmq\amqp-client\5.12.0\amqp-client-5.12.0.jar;E:\apache-maven-3.8.6\repository\org\projectlombok\lombok\1.18.22\lombok-1.18.22.jar;E:\apache-maven-3.8.6\repository\org\springframework\boot\spring-boot-test\2.5.4\spring-boot-test-2.5.4.jar;E:\apache-maven-3.8.6\repository\com\fasterxml\jackson\core\jackson-core\2.10.2\jackson-core-2.10.2.jar;E:\apache-maven-3.8.6\repository\com\fasterxml\jackson\core\jackson-annotations\2.10.2\jackson-annotations-2.10.2.jar;E:\apache-maven-3.8.6\repository\com\fasterxml\jackson\core\jackson-databind\2.10.2\jackson-databind-2.10.2.jar;E:\apache-maven-3.8.6\repository\commons-codec\commons-codec\1.11\commons-codec-1.11.jar;E:\apache-maven-3.8.6\repository\org\apache\commons\commons-lang3\3.4\commons-lang3-3.4.jar;E:\apache-maven-3.8.6\repository\commons-fileupload\commons-fileupload\1.4\commons-fileupload-1.4.jar;E:\apache-maven-3.8.6\repository\commons-io\commons-io\2.2\commons-io-2.2.jar;E:\apache-maven-3.8.6\repository\com\google\guava\guava\28.2-jre\guava-28.2-jre.jar;E:\apache-maven-3.8.6\repository\com\google\guava\failureaccess\1.0.1\failureaccess-1.0.1.jar;E:\apache-maven-3.8.6\repository\com\google\guava\listenablefuture\9999.0-empty-to-avoid-conflict-with-guava\listenablefuture-9999.0-empty-to-avoid-conflict-with-guava.jar;E:\apache-maven-3.8.6\repository\com\google\code\findbugs\jsr305\3.0.2\jsr305-3.0.2.jar;E:\apache-maven-3.8.6\repository\org\checkerframework\checker-qual\2.10.0\checker-qual-2.10.0.jar;E:\apache-maven-3.8.6\repository\com\google\errorprone\error_prone_annotations\2.3.4\error_prone_annotations-2.3.4.jar;E:\apache-maven-3.8.6\repository\com\google\j2objc\j2objc-annotations\1.3\j2objc-annotations-1.3.jar;E:\apache-maven-3.8.6\repository\joda-time\joda-time\2.10.5\joda-time-2.10.5.jar;E:\apache-maven-3.8.6\repository\io\minio\minio\8.2.1\minio-8.2.1.jar;E:\apache-maven-3.8.6\repository\com\carrotsearch\thirdparty\simple-xml-safe\2.7.1\simple-xml-safe-2.7.1.jar;E:\apache-maven-3.8.6\repository\com\squareup\okhttp3\okhttp\3.14.9\okhttp-3.14.9.jar;E:\apache-maven-3.8.6\repository\com\squareup\okio\okio\1.17.2\okio-1.17.2.jar;E:\apache-maven-3.8.6\repository\com\aliyun\aliyun-java-sdk-core\4.6.0\aliyun-java-sdk-core-4.6.0.jar;E:\apache-maven-3.8.6\repository\com\google\code\gson\gson\2.8.7\gson-2.8.7.jar;E:\apache-maven-3.8.6\repository\org\apache\httpcomponents\httpclient\4.5.13\httpclient-4.5.13.jar;E:\apache-maven-3.8.6\repository\org\apache\httpcomponents\httpcore\4.4.14\httpcore-4.4.14.jar;E:\apache-maven-3.8.6\repository\commons-logging\commons-logging\1.2\commons-logging-1.2.jar;E:\apache-maven-3.8.6\repository\javax\xml\bind\jaxb-api\2.3.1\jaxb-api-2.3.1.jar;E:\apache-maven-3.8.6\repository\javax\activation\javax.activation-api\1.2.0\javax.activation-api-1.2.0.jar;E:\apache-maven-3.8.6\repository\org\glassfish\jaxb\jaxb-runtime\2.3.5\jaxb-runtime-2.3.5.jar;E:\apache-maven-3.8.6\repository\jakarta\xml\bind\jakarta.xml.bind-api\2.3.3\jakarta.xml.bind-api-2.3.3.jar;E:\apache-maven-3.8.6\repository\org\glassfish\jaxb\txw2\2.3.5\txw2-2.3.5.jar;E:\apache-maven-3.8.6\repository\com\sun\istack\istack-commons-runtime\3.0.12\istack-commons-runtime-3.0.12.jar;E:\apache-maven-3.8.6\repository\com\sun\activation\jakarta.activation\1.2.2\jakarta.activation-1.2.2.jar;E:\apache-maven-3.8.6\repository\org\bouncycastle\bcprov-jdk15on\1.70\bcprov-jdk15on-1.70.jar;E:\apache-maven-3.8.6\repository\org\jacoco\org.jacoco.agent\0.8.7\org.jacoco.agent-0.8.7-runtime.jar;E:\apache-maven-3.8.6\repository\org\ini4j\ini4j\0.5.4\ini4j-0.5.4.jar;E:\apache-maven-3.8.6\repository\org\slf4j\slf4j-api\1.7.21\slf4j-api-1.7.21.jar;E:\apache-maven-3.8.6\repository\io\opentracing\opentracing-api\0.33.0\opentracing-api-0.33.0.jar;E:\apache-maven-3.8.6\repository\io\opentracing\opentracing-util\0.33.0\opentracing-util-0.33.0.jar;E:\apache-maven-3.8.6\repository\io\opentracing\opentracing-noop\0.33.0\opentracing-noop-0.33.0.jar;E:\apache-maven-3.8.6\repository\com\aliyun\aliyun-java-sdk-dysmsapi\2.2.1\aliyun-java-sdk-dysmsapi-2.2.1.jar;E:\apache-maven-3.8.6\repository\org\apache\httpcomponents\client5\httpclient5\5.1.3\httpclient5-5.1.3.jar;E:\apache-maven-3.8.6\repository\org\apache\httpcomponents\core5\httpcore5\5.1.1\httpcore5-5.1.1.jar;E:\apache-maven-3.8.6\repository\org\apache\httpcomponents\core5\httpcore5-h2\5.1.1\httpcore5-h2-5.1.1.jar;E:\apache-maven-3.8.6\repository\org\apache\httpcomponents\client5\httpclient5-fluent\5.1.3\httpclient5-fluent-5.1.3.jar;E:\apache-maven-3.8.6\repository\junit\junit\4.13.2\junit-4.13.2.jar;E:\apache-maven-3.8.6\repository\org\hamcrest\hamcrest-core\2.2\hamcrest-core-2.2.jar;E:\apache-maven-3.8.6\repository\org\hamcrest\hamcrest\2.2\hamcrest-2.2.jar;"/>
    <property name="sun.cpu.endian" value="little"/>
    <property name="user.home" value="C:\Users\Administrator"/>
    <property name="user.language" value="zh"/>
    <property name="java.specification.vendor" value="Oracle Corporation"/>
    <property name="java.home" value="C:\Users\Administrator\.jdks\corretto-1.8.0_352\jre"/>
    <property name="basedir" value="E:\repository\tiktok\tiktok-common"/>
    <property name="file.separator" value="\"/>
    <property name="line.separator" value="&#10;"/>
    <property name="java.vm.specification.vendor" value="Oracle Corporation"/>
    <property name="java.specification.name" value="Java Platform API Specification"/>
    <property name="java.awt.graphicsenv" value="sun.awt.Win32GraphicsEnvironment"/>
    <property name="surefire.real.class.path" value="C:\Users\ADMINI~1\AppData\Local\Temp\surefire6783241189265076675\surefirebooter6940609820812925640.jar"/>
    <property name="sun.boot.class.path" value="C:\Users\Administrator\.jdks\corretto-1.8.0_352\jre\lib\resources.jar;C:\Users\Administrator\.jdks\corretto-1.8.0_352\jre\lib\rt.jar;C:\Users\Administrator\.jdks\corretto-1.8.0_352\jre\lib\sunrsasign.jar;C:\Users\Administrator\.jdks\corretto-1.8.0_352\jre\lib\jsse.jar;C:\Users\Administrator\.jdks\corretto-1.8.0_352\jre\lib\jce.jar;C:\Users\Administrator\.jdks\corretto-1.8.0_352\jre\lib\charsets.jar;C:\Users\Administrator\.jdks\corretto-1.8.0_352\jre\lib\jfr.jar;C:\Users\Administrator\.jdks\corretto-1.8.0_352\jre\classes"/>
    <property name="user.script" value=""/>
    <property name="sun.management.compiler" value="HotSpot 64-Bit Tiered Compilers"/>
    <property name="java.runtime.version" value="1.8.0_352-b08"/>
    <property name="user.name" value="Administrator"/>
    <property name="path.separator" value=";"/>
    <property name="os.version" value="10.0"/>
    <property name="java.endorsed.dirs" value="C:\Users\Administrator\.jdks\corretto-1.8.0_352\jre\lib\endorsed"/>
    <property name="java.runtime.name" value="OpenJDK Runtime Environment"/>
    <property name="file.encoding" value="GBK"/>
    <property name="java.vm.name" value="OpenJDK 64-Bit Server VM"/>
    <property name="localRepository" value="E:\apache-maven-3.8.6\repository"/>
    <property name="java.vendor.url.bug" value="https://github.com/corretto/corretto-8/issues/"/>
    <property name="java.io.tmpdir" value="C:\Users\ADMINI~1\AppData\Local\Temp\"/>
    <property name="idea.version" value="2022.3.2"/>
    <property name="java.version" value="1.8.0_352"/>
    <property name="user.dir" value="E:\repository\tiktok\tiktok-common"/>
    <property name="os.arch" value="amd64"/>
    <property name="java.vm.specification.name" value="Java Virtual Machine Specification"/>
    <property name="java.awt.printerjob" value="sun.awt.windows.WPrinterJob"/>
    <property name="sun.os.patch.level" value=""/>
    <property name="java.library.path" value="C:\Users\Administrator\.jdks\corretto-1.8.0_352\jre\bin;C:\Windows\Sun\Java\bin;C:\Windows\system32;C:\Windows;C:\Program Files\Eclipse Foundation\jdk-8.0.302.8-hotspot\bin;C:\Program Files (x86)\dotnet;C:\Program Files\Common Files\Oracle\Java\javapath;C:\Windows\system32;C:\Windows;C:\Windows\System32\Wbem;C:\Windows\System32\WindowsPowerShell\v1.0\;C:\Windows\System32\OpenSSH\;C:\Program Files (x86)\NVIDIA Corporation\PhysX\Common;C:\Program Files\NVIDIA Corporation\NVIDIA NvDLISR;E:\Xshell7\;E:\Xftp\;E:\neo4j-community-4.4.15\bin;E:\Java\jdk-11.0.17\bin;E:\apache-maven-3.8.6\bin;E:\Git\cmd;C:\Program Files\Docker\Docker\resources\bin;&quot;C:\Windows;C:\Windows\System32\System32\Wbem&quot;;C:\Program Files\Microsoft SQL Server\130\Tools\Binn\;C:\Program Files\Microsoft SQL Server\Client SDK\ODBC\170\Tools\Binn\;C:\Program Files\dotnet\;E:\nodejs\;D:\Bandizip\;E:\Anaconda3\envs\python36;E:\Anaconda3\envs\python36\Library\mingw-w64\bin;E:\Anaconda3\envs\python36\Library\usr\bin;E:\Anaconda3\envs\python36\Library\bin;E:\Anaconda3\envs\python36\Scripts;E:\Anaconda3\envs\python36\bin;E:\Anaconda3\condabin;C:\Program Files\Eclipse Foundation\jdk-8.0.302.8-hotspot\bin;C:\Program Files (x86)\dotnet;C:\Program Files\Common Files\Oracle\Java\javapath;C:\Windows\system32;C:\Windows;C:\Windows\System32\Wbem;C:\Windows\System32\WindowsPowerShell\v1.0;C:\Windows\System32\OpenSSH;C:\Program Files (x86)\NVIDIA Corporation\PhysX\Common;C:\Program Files\NVIDIA Corporation\NVIDIA NvDLISR;E:\Xshell7;E:\Xftp;E:\neo4j-community-4.4.15\bin;E:\Java\jdk-11.0.17\bin;E:\apache-maven-3.8.6\bin;E:\Git\cmd;C:\Program Files\Docker\Docker\resources\bin;C:\Windows;C:\Windows\System32\System32\Wbem;C:\Program Files\Microsoft SQL Server\130\Tools\Binn;C:\Program Files\Microsoft SQL Server\Client SDK\ODBC\170\Tools\Binn;C:\Program Files\dotnet;E:\nodejs;D:\Bandizip;C:\Users\Administrator\.cargo\bin;E:\Anaconda3\Scripts;;."/>
    <property name="java.vm.info" value="mixed mode"/>
    <property name="java.vendor" value="Amazon.com Inc."/>
    <property name="java.vm.version" value="25.352-b08"/>
    <property name="java.specification.maintenance.version" value="4"/>
    <property name="java.ext.dirs" value="C:\Users\Administrator\.jdks\corretto-1.8.0_352\jre\lib\ext;C:\Windows\Sun\Java\lib\ext"/>
    <property name="sun.io.unicode.encoding" value="UnicodeLittle"/>
    <property name="maven.repo.local" value="E:\apache-maven-3.8.6\repository"/>
    <property name="java.class.version" value="52.0"/>
  </properties>
  <testcase name="initializationError" classname="com.jiade.utils.RedisOperatorTest" time="0.004">
    <error message="Invalid test class &apos;com.jiade.utils.RedisOperatorTest&apos;:&#10;  1. The class com.jiade.utils.RedisOperatorTest is not public.&#10;  2. Test class should have exactly one public constructor&#10;  3. Method zRevRange() should be public&#10;  4. Method zRemove() should be public&#10;  5. Method sAdd() should be public&#10;  6. Method zAdd() should be public&#10;  7. Method sCard() should be public&#10;  8. Method zCard() should be public&#10;  9. Method zRank() should be public&#10;  10. Method sMembers() should be public&#10;  11. Method sIsMembers() should be public&#10;  12. Method sRemove() should be public" type="org.junit.runners.model.InvalidTestClassError">org.junit.runners.model.InvalidTestClassError: 
Invalid test class 'com.jiade.utils.RedisOperatorTest':
  1. The class com.jiade.utils.RedisOperatorTest is not public.
  2. Test class should have exactly one public constructor
  3. Method zRevRange() should be public
  4. Method zRemove() should be public
  5. Method sAdd() should be public
  6. Method zAdd() should be public
  7. Method sCard() should be public
  8. Method zCard() should be public
  9. Method zRank() should be public
  10. Method sMembers() should be public
  11. Method sIsMembers() should be public
  12. Method sRemove() should be public
</error>
  </testcase>
</testsuite>